[02-Oct-2023 18:09:39 UTC] PHP Warning:  Undefined array key "floors" in C:\OSPanel\domains\smarty-test.loc\wp-content\plugins\smarty-plugin\inc\ajax.php on line 26
[02-Oct-2023 18:09:39 UTC] PHP Warning:  Undefined array key "district" in C:\OSPanel\domains\smarty-test.loc\wp-content\plugins\smarty-plugin\inc\ajax.php on line 34
[02-Oct-2023 18:10:34 UTC] PHP Warning:  Undefined array key "floors" in C:\OSPanel\domains\smarty-test.loc\wp-content\plugins\smarty-plugin\inc\ajax.php on line 25
[02-Oct-2023 18:10:34 UTC] PHP Warning:  Undefined array key "district" in C:\OSPanel\domains\smarty-test.loc\wp-content\plugins\smarty-plugin\inc\ajax.php on line 33
[02-Oct-2023 18:11:22 UTC] PHP Warning:  Undefined array key "floors" in C:\OSPanel\domains\smarty-test.loc\wp-content\plugins\smarty-plugin\inc\ajax.php on line 25
[02-Oct-2023 18:11:22 UTC] PHP Warning:  Undefined array key "district" in C:\OSPanel\domains\smarty-test.loc\wp-content\plugins\smarty-plugin\inc\ajax.php on line 33
[02-Oct-2023 18:15:26 UTC] PHP Warning:  Undefined array key "floors" in C:\OSPanel\domains\smarty-test.loc\wp-content\plugins\smarty-plugin\inc\ajax.php on line 25
[02-Oct-2023 18:15:26 UTC] PHP Warning:  Undefined array key "district" in C:\OSPanel\domains\smarty-test.loc\wp-content\plugins\smarty-plugin\inc\ajax.php on line 33
[02-Oct-2023 18:16:47 UTC] PHP Warning:  Undefined array key "floors" in C:\OSPanel\domains\smarty-test.loc\wp-content\plugins\smarty-plugin\inc\ajax.php on line 25
[02-Oct-2023 18:16:47 UTC] PHP Warning:  Undefined array key "district" in C:\OSPanel\domains\smarty-test.loc\wp-content\plugins\smarty-plugin\inc\ajax.php on line 33
[02-Oct-2023 18:17:24 UTC] PHP Warning:  Undefined array key "floors" in C:\OSPanel\domains\smarty-test.loc\wp-content\plugins\smarty-plugin\inc\ajax.php on line 25
[02-Oct-2023 18:17:24 UTC] PHP Warning:  Undefined array key "district" in C:\OSPanel\domains\smarty-test.loc\wp-content\plugins\smarty-plugin\inc\ajax.php on line 33
[02-Oct-2023 18:17:44 UTC] PHP Warning:  Undefined array key "floors" in C:\OSPanel\domains\smarty-test.loc\wp-content\plugins\smarty-plugin\inc\ajax.php on line 25
[02-Oct-2023 18:17:44 UTC] PHP Warning:  Undefined array key "district" in C:\OSPanel\domains\smarty-test.loc\wp-content\plugins\smarty-plugin\inc\ajax.php on line 33
[02-Oct-2023 18:17:55 UTC] PHP Warning:  Undefined array key "floors" in C:\OSPanel\domains\smarty-test.loc\wp-content\plugins\smarty-plugin\inc\ajax.php on line 25
[02-Oct-2023 18:17:55 UTC] PHP Warning:  Undefined array key "district" in C:\OSPanel\domains\smarty-test.loc\wp-content\plugins\smarty-plugin\inc\ajax.php on line 33
[02-Oct-2023 18:17:59 UTC] PHP Warning:  Undefined array key "floors" in C:\OSPanel\domains\smarty-test.loc\wp-content\plugins\smarty-plugin\inc\ajax.php on line 25
[02-Oct-2023 18:17:59 UTC] PHP Warning:  Undefined array key "district" in C:\OSPanel\domains\smarty-test.loc\wp-content\plugins\smarty-plugin\inc\ajax.php on line 33
[02-Oct-2023 18:22:40 UTC] PHP Warning:  Attempt to read property "ID" on array in C:\OSPanel\domains\smarty-test.loc\wp-content\plugins\smarty-plugin\inc\ajax.php on line 61
[02-Oct-2023 18:22:40 UTC] PHP Warning:  Attempt to read property "ID" on array in C:\OSPanel\domains\smarty-test.loc\wp-content\plugins\smarty-plugin\inc\ajax.php on line 61
[02-Oct-2023 18:22:40 UTC] PHP Warning:  Attempt to read property "ID" on array in C:\OSPanel\domains\smarty-test.loc\wp-content\plugins\smarty-plugin\inc\ajax.php on line 61
[02-Oct-2023 18:22:44 UTC] PHP Warning:  Attempt to read property "ID" on array in C:\OSPanel\domains\smarty-test.loc\wp-content\plugins\smarty-plugin\inc\ajax.php on line 61
[02-Oct-2023 18:22:49 UTC] PHP Warning:  Attempt to read property "ID" on array in C:\OSPanel\domains\smarty-test.loc\wp-content\plugins\smarty-plugin\inc\ajax.php on line 61
[02-Oct-2023 18:22:49 UTC] PHP Warning:  Attempt to read property "ID" on array in C:\OSPanel\domains\smarty-test.loc\wp-content\plugins\smarty-plugin\inc\ajax.php on line 61
[02-Oct-2023 18:22:49 UTC] PHP Warning:  Attempt to read property "ID" on array in C:\OSPanel\domains\smarty-test.loc\wp-content\plugins\smarty-plugin\inc\ajax.php on line 61
[02-Oct-2023 18:23:53 UTC] PHP Warning:  Attempt to read property "ID" on array in C:\OSPanel\domains\smarty-test.loc\wp-content\plugins\smarty-plugin\inc\ajax.php on line 61
[02-Oct-2023 18:23:53 UTC] PHP Warning:  Attempt to read property "ID" on array in C:\OSPanel\domains\smarty-test.loc\wp-content\plugins\smarty-plugin\inc\ajax.php on line 61
[02-Oct-2023 18:23:53 UTC] PHP Warning:  Attempt to read property "ID" on array in C:\OSPanel\domains\smarty-test.loc\wp-content\plugins\smarty-plugin\inc\ajax.php on line 61
[02-Oct-2023 18:24:08 UTC] PHP Warning:  Attempt to read property "ID" on array in C:\OSPanel\domains\smarty-test.loc\wp-content\plugins\smarty-plugin\inc\ajax.php on line 61
[02-Oct-2023 18:24:08 UTC] PHP Warning:  Attempt to read property "ID" on array in C:\OSPanel\domains\smarty-test.loc\wp-content\plugins\smarty-plugin\inc\ajax.php on line 61
[02-Oct-2023 18:24:08 UTC] PHP Warning:  Attempt to read property "ID" on array in C:\OSPanel\domains\smarty-test.loc\wp-content\plugins\smarty-plugin\inc\ajax.php on line 61
[02-Oct-2023 18:24:39 UTC] PHP Warning:  Attempt to read property "ID" on array in C:\OSPanel\domains\smarty-test.loc\wp-content\plugins\smarty-plugin\inc\ajax.php on line 61
[02-Oct-2023 18:24:51 UTC] PHP Warning:  Attempt to read property "ID" on array in C:\OSPanel\domains\smarty-test.loc\wp-content\plugins\smarty-plugin\inc\ajax.php on line 61
[02-Oct-2023 18:24:57 UTC] PHP Warning:  Attempt to read property "ID" on array in C:\OSPanel\domains\smarty-test.loc\wp-content\plugins\smarty-plugin\inc\ajax.php on line 61
[02-Oct-2023 18:24:57 UTC] PHP Warning:  Attempt to read property "ID" on array in C:\OSPanel\domains\smarty-test.loc\wp-content\plugins\smarty-plugin\inc\ajax.php on line 61
[02-Oct-2023 18:24:57 UTC] PHP Warning:  Attempt to read property "ID" on array in C:\OSPanel\domains\smarty-test.loc\wp-content\plugins\smarty-plugin\inc\ajax.php on line 61
[02-Oct-2023 18:25:22 UTC] PHP Warning:  Attempt to read property "ID" on array in C:\OSPanel\domains\smarty-test.loc\wp-content\plugins\smarty-plugin\inc\ajax.php on line 61
[02-Oct-2023 18:25:22 UTC] PHP Warning:  Attempt to read property "ID" on array in C:\OSPanel\domains\smarty-test.loc\wp-content\plugins\smarty-plugin\inc\ajax.php on line 61
[02-Oct-2023 18:25:22 UTC] PHP Warning:  Attempt to read property "ID" on array in C:\OSPanel\domains\smarty-test.loc\wp-content\plugins\smarty-plugin\inc\ajax.php on line 61
[02-Oct-2023 18:25:32 UTC] PHP Warning:  Undefined array key "floors" in C:\OSPanel\domains\smarty-test.loc\wp-content\plugins\smarty-plugin\inc\ajax.php on line 23
[02-Oct-2023 18:25:36 UTC] PHP Warning:  Undefined array key "floors" in C:\OSPanel\domains\smarty-test.loc\wp-content\plugins\smarty-plugin\inc\ajax.php on line 23
[02-Oct-2023 18:25:58 UTC] PHP Warning:  Attempt to read property "ID" on array in C:\OSPanel\domains\smarty-test.loc\wp-content\plugins\smarty-plugin\inc\ajax.php on line 61
[02-Oct-2023 18:26:04 UTC] PHP Warning:  Attempt to read property "ID" on array in C:\OSPanel\domains\smarty-test.loc\wp-content\plugins\smarty-plugin\inc\ajax.php on line 61
[02-Oct-2023 18:26:17 UTC] PHP Warning:  Attempt to read property "ID" on array in C:\OSPanel\domains\smarty-test.loc\wp-content\plugins\smarty-plugin\inc\ajax.php on line 61
[02-Oct-2023 18:26:26 UTC] PHP Warning:  Attempt to read property "ID" on array in C:\OSPanel\domains\smarty-test.loc\wp-content\plugins\smarty-plugin\inc\ajax.php on line 61
[02-Oct-2023 18:26:30 UTC] PHP Warning:  Attempt to read property "ID" on array in C:\OSPanel\domains\smarty-test.loc\wp-content\plugins\smarty-plugin\inc\ajax.php on line 61
[02-Oct-2023 18:26:37 UTC] PHP Warning:  Attempt to read property "ID" on array in C:\OSPanel\domains\smarty-test.loc\wp-content\plugins\smarty-plugin\inc\ajax.php on line 61
[02-Oct-2023 18:31:00 UTC] PHP Warning:  Attempt to read property "ID" on array in C:\OSPanel\domains\smarty-test.loc\wp-content\plugins\smarty-plugin\inc\ajax.php on line 62
[02-Oct-2023 18:31:05 UTC] PHP Warning:  Attempt to read property "ID" on array in C:\OSPanel\domains\smarty-test.loc\wp-content\plugins\smarty-plugin\inc\ajax.php on line 62
[02-Oct-2023 18:31:05 UTC] PHP Warning:  Attempt to read property "ID" on array in C:\OSPanel\domains\smarty-test.loc\wp-content\plugins\smarty-plugin\inc\ajax.php on line 62
[02-Oct-2023 18:31:05 UTC] PHP Warning:  Attempt to read property "ID" on array in C:\OSPanel\domains\smarty-test.loc\wp-content\plugins\smarty-plugin\inc\ajax.php on line 62
[02-Oct-2023 18:31:22 UTC] PHP Warning:  Attempt to read property "ID" on array in C:\OSPanel\domains\smarty-test.loc\wp-content\plugins\smarty-plugin\inc\ajax.php on line 62
[02-Oct-2023 18:33:20 UTC] PHP Warning:  Attempt to read property "ID" on array in C:\OSPanel\domains\smarty-test.loc\wp-content\plugins\smarty-plugin\inc\ajax.php on line 61
[02-Oct-2023 18:33:43 UTC] PHP Warning:  Attempt to read property "ID" on array in C:\OSPanel\domains\smarty-test.loc\wp-content\plugins\smarty-plugin\inc\ajax.php on line 61
[02-Oct-2023 18:33:43 UTC] PHP Warning:  Attempt to read property "ID" on array in C:\OSPanel\domains\smarty-test.loc\wp-content\plugins\smarty-plugin\inc\ajax.php on line 61
[02-Oct-2023 18:33:43 UTC] PHP Warning:  Attempt to read property "ID" on array in C:\OSPanel\domains\smarty-test.loc\wp-content\plugins\smarty-plugin\inc\ajax.php on line 61
[02-Oct-2023 18:39:20 UTC] PHP Warning:  Array to string conversion in C:\OSPanel\domains\smarty-test.loc\wp-content\plugins\smarty-plugin\inc\shortcodes.php on line 164
[02-Oct-2023 18:39:20 UTC] PHP Warning:  Array to string conversion in C:\OSPanel\domains\smarty-test.loc\wp-content\plugins\smarty-plugin\inc\shortcodes.php on line 164
[02-Oct-2023 18:39:20 UTC] PHP Warning:  Array to string conversion in C:\OSPanel\domains\smarty-test.loc\wp-content\plugins\smarty-plugin\inc\shortcodes.php on line 164
[02-Oct-2023 18:39:20 UTC] PHP Warning:  Array to string conversion in C:\OSPanel\domains\smarty-test.loc\wp-content\plugins\smarty-plugin\inc\shortcodes.php on line 164
[02-Oct-2023 18:39:20 UTC] PHP Warning:  Array to string conversion in C:\OSPanel\domains\smarty-test.loc\wp-content\plugins\smarty-plugin\inc\shortcodes.php on line 58
[02-Oct-2023 18:39:20 UTC] PHP Warning:  Array to string conversion in C:\OSPanel\domains\smarty-test.loc\wp-content\plugins\smarty-plugin\inc\shortcodes.php on line 58
[02-Oct-2023 18:39:20 UTC] PHP Warning:  Array to string conversion in C:\OSPanel\domains\smarty-test.loc\wp-content\plugins\smarty-plugin\inc\shortcodes.php on line 111
[02-Oct-2023 18:39:20 UTC] PHP Warning:  Array to string conversion in C:\OSPanel\domains\smarty-test.loc\wp-content\plugins\smarty-plugin\inc\shortcodes.php on line 111
[02-Oct-2023 18:39:20 UTC] PHP Warning:  Array to string conversion in C:\OSPanel\domains\smarty-test.loc\wp-content\plugins\smarty-plugin\inc\shortcodes.php on line 111
[02-Oct-2023 18:39:22 UTC] PHP Warning:  Array to string conversion in C:\OSPanel\domains\smarty-test.loc\wp-content\themes\smarty\single.php on line 34
[02-Oct-2023 18:40:53 UTC] PHP Warning:  Attempt to read property "ID" on array in C:\OSPanel\domains\smarty-test.loc\wp-content\plugins\smarty-plugin\inc\ajax.php on line 67
[02-Oct-2023 18:41:02 UTC] PHP Warning:  Attempt to read property "ID" on array in C:\OSPanel\domains\smarty-test.loc\wp-content\plugins\smarty-plugin\inc\ajax.php on line 67
[02-Oct-2023 18:41:02 UTC] PHP Warning:  Attempt to read property "ID" on array in C:\OSPanel\domains\smarty-test.loc\wp-content\plugins\smarty-plugin\inc\ajax.php on line 67
[02-Oct-2023 18:41:02 UTC] PHP Warning:  Attempt to read property "ID" on array in C:\OSPanel\domains\smarty-test.loc\wp-content\plugins\smarty-plugin\inc\ajax.php on line 67
[02-Oct-2023 18:41:50 UTC] PHP Warning:  Attempt to read property "ID" on array in C:\OSPanel\domains\smarty-test.loc\wp-content\plugins\smarty-plugin\inc\ajax.php on line 67
[02-Oct-2023 18:41:50 UTC] PHP Warning:  Attempt to read property "ID" on array in C:\OSPanel\domains\smarty-test.loc\wp-content\plugins\smarty-plugin\inc\ajax.php on line 67
[02-Oct-2023 18:41:50 UTC] PHP Warning:  Attempt to read property "ID" on array in C:\OSPanel\domains\smarty-test.loc\wp-content\plugins\smarty-plugin\inc\ajax.php on line 67
[02-Oct-2023 18:43:39 UTC] PHP Warning:  Attempt to read property "ID" on array in C:\OSPanel\domains\smarty-test.loc\wp-content\plugins\smarty-plugin\inc\ajax.php on line 67
[02-Oct-2023 18:43:39 UTC] PHP Warning:  Attempt to read property "ID" on array in C:\OSPanel\domains\smarty-test.loc\wp-content\plugins\smarty-plugin\inc\ajax.php on line 67
[02-Oct-2023 18:43:39 UTC] PHP Warning:  Attempt to read property "ID" on array in C:\OSPanel\domains\smarty-test.loc\wp-content\plugins\smarty-plugin\inc\ajax.php on line 67
[02-Oct-2023 18:49:50 UTC] PHP Warning:  Attempt to read property "ID" on array in C:\OSPanel\domains\smarty-test.loc\wp-content\plugins\smarty-plugin\inc\ajax.php on line 67
[02-Oct-2023 18:49:50 UTC] PHP Warning:  Attempt to read property "ID" on array in C:\OSPanel\domains\smarty-test.loc\wp-content\plugins\smarty-plugin\inc\ajax.php on line 67
[02-Oct-2023 18:49:50 UTC] PHP Warning:  Attempt to read property "ID" on array in C:\OSPanel\domains\smarty-test.loc\wp-content\plugins\smarty-plugin\inc\ajax.php on line 67
[02-Oct-2023 18:54:13 UTC] PHP Warning:  Attempt to read property "ID" on array in C:\OSPanel\domains\smarty-test.loc\wp-content\plugins\smarty-plugin\inc\ajax.php on line 67
[02-Oct-2023 18:54:13 UTC] PHP Warning:  Attempt to read property "ID" on array in C:\OSPanel\domains\smarty-test.loc\wp-content\plugins\smarty-plugin\inc\ajax.php on line 67
[02-Oct-2023 18:54:13 UTC] PHP Warning:  Attempt to read property "ID" on array in C:\OSPanel\domains\smarty-test.loc\wp-content\plugins\smarty-plugin\inc\ajax.php on line 67
[02-Oct-2023 18:57:39 UTC] PHP Warning:  Attempt to read property "ID" on array in C:\OSPanel\domains\smarty-test.loc\wp-content\plugins\smarty-plugin\inc\ajax.php on line 68
[02-Oct-2023 18:57:42 UTC] PHP Warning:  Attempt to read property "ID" on array in C:\OSPanel\domains\smarty-test.loc\wp-content\plugins\smarty-plugin\inc\ajax.php on line 68
[02-Oct-2023 18:57:42 UTC] PHP Warning:  Attempt to read property "ID" on array in C:\OSPanel\domains\smarty-test.loc\wp-content\plugins\smarty-plugin\inc\ajax.php on line 68
[02-Oct-2023 18:57:42 UTC] PHP Warning:  Attempt to read property "ID" on array in C:\OSPanel\domains\smarty-test.loc\wp-content\plugins\smarty-plugin\inc\ajax.php on line 68
[02-Oct-2023 18:57:47 UTC] PHP Warning:  Attempt to read property "ID" on array in C:\OSPanel\domains\smarty-test.loc\wp-content\plugins\smarty-plugin\inc\ajax.php on line 68
[02-Oct-2023 18:57:47 UTC] PHP Warning:  Attempt to read property "ID" on array in C:\OSPanel\domains\smarty-test.loc\wp-content\plugins\smarty-plugin\inc\ajax.php on line 68
[02-Oct-2023 18:57:53 UTC] PHP Warning:  Attempt to read property "ID" on array in C:\OSPanel\domains\smarty-test.loc\wp-content\plugins\smarty-plugin\inc\ajax.php on line 68
[02-Oct-2023 18:57:53 UTC] PHP Warning:  Attempt to read property "ID" on array in C:\OSPanel\domains\smarty-test.loc\wp-content\plugins\smarty-plugin\inc\ajax.php on line 68
[02-Oct-2023 18:57:53 UTC] PHP Warning:  Attempt to read property "ID" on array in C:\OSPanel\domains\smarty-test.loc\wp-content\plugins\smarty-plugin\inc\ajax.php on line 68
[02-Oct-2023 18:57:55 UTC] PHP Warning:  Attempt to read property "ID" on array in C:\OSPanel\domains\smarty-test.loc\wp-content\plugins\smarty-plugin\inc\ajax.php on line 68
[02-Oct-2023 18:59:31 UTC] PHP Warning:  Attempt to read property "ID" on array in C:\OSPanel\domains\smarty-test.loc\wp-content\plugins\smarty-plugin\inc\ajax.php on line 68
[02-Oct-2023 18:59:32 UTC] PHP Warning:  Attempt to read property "ID" on array in C:\OSPanel\domains\smarty-test.loc\wp-content\plugins\smarty-plugin\inc\ajax.php on line 68
[02-Oct-2023 18:59:32 UTC] PHP Warning:  Attempt to read property "ID" on array in C:\OSPanel\domains\smarty-test.loc\wp-content\plugins\smarty-plugin\inc\ajax.php on line 68
[02-Oct-2023 18:59:32 UTC] PHP Warning:  Attempt to read property "ID" on array in C:\OSPanel\domains\smarty-test.loc\wp-content\plugins\smarty-plugin\inc\ajax.php on line 68
